<?xml version="1.0" encoding="UTF-8"?>
<!-- Generated by org.testng.reporters.JUnitReportReporter -->
<testsuite hostname="DESKTOP-M4GRLMR" failures="0" tests="4" name="AlmosaferWeb.myTestCases" time="0.032" errors="0" timestamp="2023-12-13T19:05:29 EET" skipped="3">
  <testcase classname="AlmosaferWeb.myTestCases" name="CheckLogoApple" time="0.032"/>
  <system-out/>
  <testcase classname="AlmosaferWeb.myTestCases" name="CheckTheDepatureAndArrivalDate">
    <skipped/>
  </testcase> <!-- CheckTheDepatureAndArrivalDate -->
  <system-out/>
  <testcase classname="AlmosaferWeb.myTestCases" name="HotelTabIsNotSelectedTest">
    <skipped/>
  </testcase> <!-- HotelTabIsNotSelectedTest -->
  <system-out/>
  <testcase classname="AlmosaferWeb.myTestCases" name="changeTheLanguageOfTheWebsiteRandomly">
    <skipped/>
  </testcase> <!-- changeTheLanguageOfTheWebsiteRandomly -->
  <system-out/>
</testsuite> <!-- AlmosaferWeb.myTestCases -->
