<?xml version="1.0" encoding="UTF-8"?>
<!-- Generated by org.testng.reporters.JUnitReportReporter -->
<testsuite hostname="DESKTOP-M4GRLMR" failures="0" tests="7" name="AlmosaferWeb.myTestCases" time="4.961" errors="0" timestamp="2023-12-10T19:09:02 EET" skipped="6">
  <testcase classname="AlmosaferWeb.myTestCases" name="changeTheLanguageOfTheWebsiteRandomly" time="4.961"/>
  <system-out/>
  <testcase classname="AlmosaferWeb.myTestCases" name="checkTheLanguage">
    <skipped/>
  </testcase> <!-- checkTheLanguage -->
  <system-out/>
  <testcase classname="AlmosaferWeb.myTestCases" name="CheckTheDepatureAndArrivalDate">
    <skipped/>
  </testcase> <!-- CheckTheDepatureAndArrivalDate -->
  <system-out/>
  <testcase classname="AlmosaferWeb.myTestCases" name="CheckQitaffLogo">
    <skipped/>
  </testcase> <!-- CheckQitaffLogo -->
  <system-out/>
  <testcase classname="AlmosaferWeb.myTestCases" name="HotelTabIsNotSelectedTest">
    <skipped/>
  </testcase> <!-- HotelTabIsNotSelectedTest -->
  <system-out/>
  <testcase classname="AlmosaferWeb.myTestCases" name="CheckTheCurrency">
    <skipped/>
  </testcase> <!-- CheckTheCurrency -->
  <system-out/>
  <testcase classname="AlmosaferWeb.myTestCases" name="CheckContactNumber">
    <skipped/>
  </testcase> <!-- CheckContactNumber -->
  <system-out/>
</testsuite> <!-- AlmosaferWeb.myTestCases -->
